<?xml version="1.0" encoding="UTF-8"?>
<!-- Generated by org.testng.reporters.JUnitReportReporter -->
<testsuite hostname="LAPTOP-NTP6SOBA" failures="0" tests="1" name="customer.Home" time="15.285" errors="0" timestamp="2022-04-20T16:27:16 GST" skipped="0">
  <testcase classname="customer.Home" name="Logindetails" time="15.285"/>
  <system-out/>
</testsuite> <!-- customer.Home -->
