<?xml version="1.0" encoding="UTF-8"?>
<!-- Generated by org.testng.reporters.JUnitReportReporter -->
<testsuite hostname="LAPTOP-NTP6SOBA" failures="0" tests="1" name="azure.NewTest1" time="4.714" errors="0" timestamp="2022-03-27T00:04:10 GST" skipped="0">
  <testcase classname="azure.NewTest1" name="f" time="4.714"/>
  <system-out/>
</testsuite> <!-- azure.NewTest1 -->
