<?xml version="1.0" encoding="UTF-8"?>
<!-- Generated by org.testng.reporters.JUnitReportReporter -->
<testsuite hostname="LAPTOP-NTP6SOBA" failures="0" tests="1" name="customer.Addfunds" time="18.172" errors="0" timestamp="2022-04-20T23:53:59 GST" skipped="0">
  <testcase classname="customer.Addfunds" name="payment" time="18.172"/>
  <system-out/>
</testsuite> <!-- customer.Addfunds -->
