<?xml version="1.0" encoding="UTF-8"?>
<!-- Generated by org.testng.reporters.JUnitReportReporter -->
<testsuite hostname="LAPTOP-NTP6SOBA" failures="0" tests="1" name="azure.Azuretest" time="2.808" errors="0" timestamp="2022-03-26T12:31:15 GST" skipped="0">
  <testcase classname="azure.Azuretest" name="setup" time="2.808"/>
  <system-out/>
</testsuite> <!-- azure.Azuretest -->
