<?xml version="1.0" encoding="UTF-8"?>
<!-- Generated by org.testng.reporters.JUnitReportReporter -->
<testsuite hostname="LAPTOP-NTP6SOBA" failures="0" tests="1" name="customer.Logout" time="13.230" errors="0" timestamp="2022-04-21T06:18:47 GST" skipped="0">
  <testcase classname="customer.Logout" name="f" time="13.230"/>
  <system-out/>
</testsuite> <!-- customer.Logout -->
