<?xml version="1.0" encoding="UTF-8"?>
<!-- Generated by org.testng.reporters.JUnitReportReporter -->
<testsuite hostname="LAPTOP-NTP6SOBA" failures="0" tests="1" name="agentfrontend.Loginpage1" time="103.783" errors="0" timestamp="2022-05-09T15:16:14 GST" skipped="0">
  <testcase classname="agentfrontend.Loginpage1" name="Logindetails" time="103.783"/>
  <system-out/>
</testsuite> <!-- agentfrontend.Loginpage1 -->
