<?xml version="1.0" encoding="UTF-8"?>
<!-- Generated by org.testng.reporters.JUnitReportReporter -->
<testsuite hostname="LAPTOP-NTP6SOBA" failures="0" tests="1" name="customer.Mybookings" time="22.306" errors="0" timestamp="2022-04-20T23:38:35 GST" skipped="0">
  <testcase classname="customer.Mybookings" name="bookings" time="22.306"/>
  <system-out/>
</testsuite> <!-- customer.Mybookings -->
