<?xml version="1.0" encoding="UTF-8"?>
<!-- Generated by org.testng.reporters.JUnitReportReporter -->
<testsuite hostname="LAPTOP-NTP6SOBA" failures="0" tests="1" name="customer.Loginpage" time="37.434" errors="0" timestamp="2022-05-09T15:34:22 GST" skipped="0">
  <testcase classname="customer.Loginpage" name="Logindetails" time="37.434"/>
  <system-out/>
</testsuite> <!-- customer.Loginpage -->
