<?xml version="1.0" encoding="UTF-8"?>
<!-- Generated by org.testng.reporters.JUnitReportReporter -->
<testsuite hostname="LAPTOP-NTP6SOBA" failures="0" tests="1" name="supplier_backend.Loginpage3" time="28.427" errors="0" timestamp="2022-05-09T15:18:42 GST" skipped="0">
  <testcase classname="supplier_backend.Loginpage3" name="Logindetails" time="28.427"/>
  <system-out/>
</testsuite> <!-- supplier_backend.Loginpage3 -->
